<?xml version="1.0" encoding="UTF-8" ?>
<testsuite errors="0" failures="0" hostname="sPyAir.lan" name="test.JUnitTest" skipped="0" tests="8" time="0.079" timestamp="2022-08-20T13:05:55">
  <properties>
    <property name="libs.spring-framework300.classpath" value="/Users/xuyi/opt/netbeans/platform/modules/org-apache-commons-logging.jar:/Users/xuyi/opt/netbeans/java/modules/ext/cglib-2.2.jar:/Users/xuyi/opt/netbeans/java/modules/ext/spring-3.0/spring-aop-3.2.18.RELEASE.jar:/Users/xuyi/opt/netbeans/java/modules/ext/spring-3.0/spring-aspects-3.2.18.RELEASE.jar:/Users/xuyi/opt/netbeans/java/modules/ext/spring-3.0/spring-beans-3.2.18.RELEASE.jar:/Users/xuyi/opt/netbeans/java/modules/ext/spring-3.0/spring-context-3.2.18.RELEASE.jar:/Users/xuyi/opt/netbeans/java/modules/ext/spring-3.0/spring-context-support-3.2.18.RELEASE.jar:/Users/xuyi/opt/netbeans/java/modules/ext/spring-3.0/spring-core-3.2.18.RELEASE.jar:/Users/xuyi/opt/netbeans/java/modules/ext/spring-3.0/spring-expression-3.2.18.RELEASE.jar:/Users/xuyi/opt/netbeans/java/modules/ext/spring-3.0/spring-instrument-3.2.18.RELEASE.jar:/Users/xuyi/opt/netbeans/java/modules/ext/spring-3.0/spring-instrument-tomcat-3.2.18.RELEASE.jar:/Users/xuyi/opt/netbeans/java/modules/ext/spring-3.0/spring-jdbc-3.2.18.RELEASE.jar:/Users/xuyi/opt/netbeans/java/modules/ext/spring-3.0/spring-jms-3.2.18.RELEASE.jar:/Users/xuyi/opt/netbeans/java/modules/ext/spring-3.0/spring-orm-3.2.18.RELEASE.jar:/Users/xuyi/opt/netbeans/java/modules/ext/spring-3.0/spring-oxm-3.2.18.RELEASE.jar:/Users/xuyi/opt/netbeans/java/modules/ext/spring-3.0/spring-struts-3.2.18.RELEASE.jar:/Users/xuyi/opt/netbeans/java/modules/ext/spring-3.0/spring-test-3.2.18.RELEASE.jar:/Users/xuyi/opt/netbeans/java/modules/ext/spring-3.0/spring-tx-3.2.18.RELEASE.jar:/Users/xuyi/opt/netbeans/java/modules/ext/spring-3.0/spring-web-3.2.18.RELEASE.jar:/Users/xuyi/opt/netbeans/java/modules/ext/spring-3.0/spring-webmvc-3.2.18.RELEASE.jar:/Users/xuyi/opt/netbeans/java/modules/ext/spring-3.0/spring-webmvc-portlet-3.2.18.RELEASE.jar" />
    <property name="javac.test.classpath" value="/Users/xuyi/Source/OS/armOS/lib/jcore/AIZero/dist/AIZero.jar:../OS/dist/OS.jar:../Zero/dist/Zero.jar:build/classes:/Users/xuyi/opt/netbeans/platform/modules/ext/junit-4.13.2.jar:/Users/xuyi/opt/netbeans/platform/modules/ext/hamcrest-core-1.3.jar" />
    <property name="java.specification.version" value="17" />
    <property name="jar.index.metainf" value="false" />
    <property name="libs.spring-framework500.classpath" value="/Users/xuyi/opt/netbeans/platform/modules/org-apache-commons-logging.jar:/Users/xuyi/opt/netbeans/java/modules/ext/cglib-2.2.jar:/Users/xuyi/opt/netbeans/java/modules/ext/spring-5/spring-aop-5.2.9.RELEASE.jar:/Users/xuyi/opt/netbeans/java/modules/ext/spring-5/spring-aspects-5.2.9.RELEASE.jar:/Users/xuyi/opt/netbeans/java/modules/ext/spring-5/spring-beans-5.2.9.RELEASE.jar:/Users/xuyi/opt/netbeans/java/modules/ext/spring-5/spring-context-5.2.9.RELEASE.jar:/Users/xuyi/opt/netbeans/java/modules/ext/spring-5/spring-context-indexer-5.2.9.RELEASE.jar:/Users/xuyi/opt/netbeans/java/modules/ext/spring-5/spring-context-support-5.2.9.RELEASE.jar:/Users/xuyi/opt/netbeans/java/modules/ext/spring-5/spring-core-5.2.9.RELEASE.jar:/Users/xuyi/opt/netbeans/java/modules/ext/spring-5/spring-expression-5.2.9.RELEASE.jar:/Users/xuyi/opt/netbeans/java/modules/ext/spring-5/spring-instrument-5.2.9.RELEASE.jar:/Users/xuyi/opt/netbeans/java/modules/ext/spring-5/spring-jcl-5.2.9.RELEASE.jar:/Users/xuyi/opt/netbeans/java/modules/ext/spring-5/spring-jdbc-5.2.9.RELEASE.jar:/Users/xuyi/opt/netbeans/java/modules/ext/spring-5/spring-jms-5.2.9.RELEASE.jar:/Users/xuyi/opt/netbeans/java/modules/ext/spring-5/spring-messaging-5.2.9.RELEASE.jar:/Users/xuyi/opt/netbeans/java/modules/ext/spring-5/spring-orm-5.2.9.RELEASE.jar:/Users/xuyi/opt/netbeans/java/modules/ext/spring-5/spring-oxm-5.2.9.RELEASE.jar:/Users/xuyi/opt/netbeans/java/modules/ext/spring-5/spring-test-5.2.9.RELEASE.jar:/Users/xuyi/opt/netbeans/java/modules/ext/spring-5/spring-tx-5.2.9.RELEASE.jar:/Users/xuyi/opt/netbeans/java/modules/ext/spring-5/spring-web-5.2.9.RELEASE.jar:/Users/xuyi/opt/netbeans/java/modules/ext/spring-5/spring-webflux-5.2.9.RELEASE.jar:/Users/xuyi/opt/netbeans/java/modules/ext/spring-5/spring-webmvc-5.2.9.RELEASE.jar:/Users/xuyi/opt/netbeans/java/modules/ext/spring-5/spring-websocket-5.2.9.RELEASE.jar" />
    <property name="jnlp.signing.keystore" value="" />
    <property name="libs.spring-webmvc4.0.javadoc" value="" />
    <property name="libs.spring-framework400.classpath" value="/Users/xuyi/opt/netbeans/platform/modules/org-apache-commons-logging.jar:/Users/xuyi/opt/netbeans/java/modules/ext/cglib-2.2.jar:/Users/xuyi/opt/netbeans/java/modules/ext/spring-4/spring-aop-4.3.29.RELEASE.jar:/Users/xuyi/opt/netbeans/java/modules/ext/spring-4/spring-aspects-4.3.29.RELEASE.jar:/Users/xuyi/opt/netbeans/java/modules/ext/spring-4/spring-beans-4.3.29.RELEASE.jar:/Users/xuyi/opt/netbeans/java/modules/ext/spring-4/spring-context-4.3.29.RELEASE.jar:/Users/xuyi/opt/netbeans/java/modules/ext/spring-4/spring-context-support-4.3.29.RELEASE.jar:/Users/xuyi/opt/netbeans/java/modules/ext/spring-4/spring-core-4.3.29.RELEASE.jar:/Users/xuyi/opt/netbeans/java/modules/ext/spring-4/spring-expression-4.3.29.RELEASE.jar:/Users/xuyi/opt/netbeans/java/modules/ext/spring-4/spring-instrument-4.3.29.RELEASE.jar:/Users/xuyi/opt/netbeans/java/modules/ext/spring-4/spring-instrument-tomcat-4.3.29.RELEASE.jar:/Users/xuyi/opt/netbeans/java/modules/ext/spring-4/spring-jdbc-4.3.29.RELEASE.jar:/Users/xuyi/opt/netbeans/java/modules/ext/spring-4/spring-jms-4.3.29.RELEASE.jar:/Users/xuyi/opt/netbeans/java/modules/ext/spring-4/spring-messaging-4.3.29.RELEASE.jar:/Users/xuyi/opt/netbeans/java/modules/ext/spring-4/spring-orm-4.3.29.RELEASE.jar:/Users/xuyi/opt/netbeans/java/modules/ext/spring-4/spring-oxm-4.3.29.RELEASE.jar:/Users/xuyi/opt/netbeans/java/modules/ext/spring-4/spring-test-4.3.29.RELEASE.jar:/Users/xuyi/opt/netbeans/java/modules/ext/spring-4/spring-tx-4.3.29.RELEASE.jar:/Users/xuyi/opt/netbeans/java/modules/ext/spring-4/spring-web-4.3.29.RELEASE.jar:/Users/xuyi/opt/netbeans/java/modules/ext/spring-4/spring-webmvc-4.3.29.RELEASE.jar:/Users/xuyi/opt/netbeans/java/modules/ext/spring-4/spring-webmvc-portlet-4.3.29.RELEASE.jar:/Users/xuyi/opt/netbeans/java/modules/ext/spring-4/spring-websocket-4.3.29.RELEASE.jar" />
    <property name="test.binaryincludes" value="&lt;nothing&gt;" />
    <property name="do.jlink" value="false" />
    <property name="debug-transport" value="dt_socket" />
    <property name="libs.javaee-web-api-8.0.src" value="" />
    <property name="java.vendor.url" value="https://java.oracle.com/" />
    <property name="debug.modulepath" value="" />
    <property name="libs.jsp-compilation.src" value="" />
    <property name="libs.eclipselink.javadoc" value="/Users/xuyi/opt/netbeans/java/modules/ext/docs/javax.persistence-2.2.1-doc.zip" />
    <property name="libs.JWSAntTasks.javadoc" value="" />
    <property name="sun.boot.library.path" value="/Library/Java/JavaVirtualMachines/jdk-17.0.3.jdk/Contents/Home/lib" />
    <property name="sun.java.command" value="org.apache.tools.ant.taskdefs.optional.junit.JUnitTestRunner test.JUnitTest skipNonTests=false filtertrace=true haltOnError=false haltOnFailure=false showoutput=true outputtoformatters=true logfailedtests=true threadid=0 logtestlistenerevents=true formatter=org.apache.tools.ant.taskdefs.optional.junit.BriefJUnitResultFormatter formatter=org.apache.tools.ant.taskdefs.optional.junit.XMLJUnitResultFormatter,/Users/xuyi/Source/OS/armOS/lib/jcore/testOS/build/test/results/TEST-test.JUnitTest.xml crashfile=/Users/xuyi/Source/OS/armOS/lib/jcore/testOS/build/junitvmwatcher6760737415569957267.properties propsfile=/Users/xuyi/Source/OS/armOS/lib/jcore/testOS/build/junit15560684991756967211.properties" />
    <property name="jdk.debug" value="release" />
    <property name="libs.spring-framework300.src" value="" />
    <property name="javadoc.use" value="true" />
    <property name="javadoc.notree" value="false" />
    <property name="basedir" value="/Users/xuyi/Source/OS/armOS/lib/jcore/testOS" />
    <property name="application.vendor" value="spy" />
    <property name="java.vm.specification.vendor" value="Oracle Corporation" />
    <property name="java.specification.name" value="Java Platform API Specification" />
    <property name="libs.jsf20.classpath" value="/Users/xuyi/opt/netbeans/enterprise/modules/ext/jsf-2_2/javax.faces.jar" />
    <property name="netbeans.extbrowser.manual_chrome_plugin_install" value="yes" />
    <property name="libs.spring-framework500.javadoc" value="" />
    <property name="netbeans.default_userdir_root" value="/Users/xuyi/Library/Application Support/NetBeans" />
    <property name="libs.jsp-compilation-syscp.src" value="" />
    <property name="jdk.home" value="/Library/Java/JavaVirtualMachines/jdk-17.0.3.jdk/Contents/Home" />
    <property name="java.runtime.version" value="17.0.3+8-LTS-111" />
    <property name="libs.eclipselink.maven-pom" value="" />
    <property name="libs.metro.maven-pom" value="" />
    <property name="libs.JAXB-ENDORSED.javadoc" value="" />
    <property name="sun.java2d.noddraw" value="true" />
    <property name="sun.zip.disableMemoryMapping" value="true" />
    <property name="jnidispatch.path" value="/Users/xuyi/Library/Caches/JNA/temp/jna7037488397124370494.tmp" />
    <property name="libs.jsp-compilation.javadoc" value="" />
    <property name="libs.primefaces.javadoc" value="" />
    <property name="libs.jsf12.src" value="" />
    <property name="libs.groovy-all.maven-pom" value="" />
    <property name="libs.restapi.src" value="" />
    <property name="libs.junit_5.javadoc" value="/Users/xuyi/opt/netbeans/platform/docs/junit-jupiter-api-5.6.0-javadoc.jar:/Users/xuyi/opt/netbeans/platform/docs/junit-jupiter-params-5.6.0-javadoc.jar:/Users/xuyi/opt/netbeans/platform/docs/junit-jupiter-engine-5.6.0-javadoc.jar" />
    <property name="reference.AIZero.jar" value="/Users/xuyi/Source/OS/armOS/lib/jcore/AIZero/dist/AIZero.jar" />
    <property name="jnlp.enabled" value="false" />
    <property name="dist.archive.excludes" value="" />
    <property name="java.io.tmpdir" value="/var/folders/ws/9cwgq9ps1f9cdq1f4zfby4z40000gn/T/" />
    <property name="java.version" value="17.0.3" />
    <property name="java.vm.specification.name" value="Java Virtual Machine Specification" />
    <property name="libs.jakartaee-api-8.0.javadoc" value="/Users/xuyi/opt/netbeans/enterprise/docs/jakartaee8-doc-api.jar" />
    <property name="native.encoding" value="UTF-8" />
    <property name="libs.hamcrest.src" value="" />
    <property name="java.library.path" value="/Users/xuyi/Library/Java/Extensions:/Library/Java/Extensions:/Network/Library/Java/Extensions:/System/Library/Java/Extensions:/usr/lib/java:." />
    <property name="java.vendor" value="Oracle Corporation" />
    <property name="libs.testng.javadoc" value="/Users/xuyi/opt/netbeans/platform/docs/testng-6.13.1-javadoc.jar" />
    <property name="libs.groovy-all.src" value="" />
    <property name="meta.inf.dir" value="src/META-INF" />
    <property name="compile.on.save" value="false" />
    <property name="libs.testng.maven-pom" value="" />
    <property name="org.openide.version" value="deprecated" />
    <property name="run.classpath" value="/Users/xuyi/Source/OS/armOS/lib/jcore/AIZero/dist/AIZero.jar:../OS/dist/OS.jar:../Zero/dist/Zero.jar:build/classes" />
    <property name="libs.jaxb.src" value="" />
    <property name="test.src.dir" value="test" />
    <property name="sun.awt.enableExtraMouseButtons" value="true" />
    <property name="org.openide.major.version" value="IDE/1" />
    <property name="libs.spring-framework300.javadoc" value="" />
    <property name="ap.proc.none.internal" value="" />
    <property name="org.openide.specification.version" value="6.2" />
    <property name="user.timezone" value="Europe/Amsterdam" />
    <property name="jar.index" value="false" />
    <property name="libs.jpa20-persistence.classpath" value="/Users/xuyi/opt/netbeans/java/modules/ext/eclipselink/javax.persistence-2.2.1.jar" />
    <property name="java.vm.specification.version" value="17" />
    <property name="libs.eclipselinkmodelgen.javadoc" value="" />
    <property name="libs.junit_5.classpath" value="/Users/xuyi/opt/netbeans/platform/modules/ext/junit-jupiter-api-5.6.0.jar:/Users/xuyi/opt/netbeans/platform/modules/ext/junit-jupiter-params-5.6.0.jar:/Users/xuyi/opt/netbeans/platform/modules/ext/junit-jupiter-engine-5.6.0.jar" />
    <property name="javadoc.noindex" value="false" />
    <property name="javadoc.private" value="false" />
    <property name="libs.spring-webmvc4.0.maven-pom" value="" />
    <property name="libs.JAXB-ENDORSED.maven-pom" value="" />
    <property name="user.home" value="/Users/xuyi" />
    <property name="libs.eclipselinkmodelgen.maven-pom" value="" />
    <property name="have.sources" value="true" />
    <property name="annotation.processing.processors.list" value="" />
    <property name="jlink.launcher" value="false" />
    <property name="javac.deprecation" value="false" />
    <property name="manifest.custom.caller.allowable.codebase" value="" />
    <property name="build.generated.sources.dir" value="build/generated-sources" />
    <property name="plugin.manager.check.updates" value="false" />
    <property name="netbeans.autoupdate.language" value="zh" />
    <property name="build.compiler.emacs" value="true" />
    <property name="libs.eclipselinkmodelgen.src" value="" />
    <property name="build.classes.excludes" value="**/*.java,**/*.form" />
    <property name="dist.jar" value="dist/testOS.jar" />
    <property name="libs.jakartaee-web-api-9.0.classpath" value="/Users/xuyi/opt/netbeans/enterprise/modules/ext/jakarta.jakartaee-web-api-9.0.0.jar" />
    <property name="libs.spring-webmvc4.0.classpath" value="/Users/xuyi/opt/netbeans/java/modules/ext/spring-4/spring-webmvc-4.3.29.RELEASE.jar" />
    <property name="libs.javaee-endorsed-api-7.0.javadoc" value="/Users/xuyi/opt/netbeans/enterprise/docs/javaee-doc-api.jar" />
    <property name="os.version" value="12.5" />
    <property name="netbeans.home" value="/Users/xuyi/opt/netbeans/platform" />
    <property name="libs.CopyLibs.javadoc" value="" />
    <property name="debug-transport-by-os" value="dt_socket" />
    <property name="libs.jsf20.src" value="" />
    <property name="libs.javaee-api-8.0.javadoc" value="/Users/xuyi/opt/netbeans/enterprise/docs/javaee-doc-api.jar" />
    <property name="java.vm.name" value="Java HotSpot(TM) 64-Bit Server VM" />
    <property name="libs.jstl.javadoc" value="/Users/xuyi/opt/netbeans/enterprise/docs/javaee-doc-api.jar" />
    <property name="libs.javaee-endorsed-api-7.0.maven-pom" value="" />
    <property name="libs.jaxws21.classpath" value="/Users/xuyi/opt/netbeans/ide/modules/ext/jaxb/jaxb-impl.jar:/Users/xuyi/opt/netbeans/ide/modules/ext/jaxb/jaxb-xjc.jar:/Users/xuyi/opt/netbeans/java/modules/ext/jaxws22/FastInfoset.jar:/Users/xuyi/opt/netbeans/java/modules/ext/jaxws22/gmbal-api-only.jar:/Users/xuyi/opt/netbeans/java/modules/ext/jaxws22/ha-api.jar:/Users/xuyi/opt/netbeans/java/modules/ext/jaxws22/javax.mail_1.4.jar:/Users/xuyi/opt/netbeans/java/modules/ext/jaxws22/jaxws-rt.jar:/Users/xuyi/opt/netbeans/java/modules/ext/jaxws22/jaxws-tools.jar:/Users/xuyi/opt/netbeans/java/modules/ext/jaxws22/management-api.jar:/Users/xuyi/opt/netbeans/java/modules/ext/jaxws22/mimepull.jar:/Users/xuyi/opt/netbeans/java/modules/ext/jaxws22/policy.jar:/Users/xuyi/opt/netbeans/java/modules/ext/jaxws22/saaj-impl.jar:/Users/xuyi/opt/netbeans/java/modules/ext/jaxws22/stax-ex.jar:/Users/xuyi/opt/netbeans/java/modules/ext/jaxws22/stax2-api.jar:/Users/xuyi/opt/netbeans/java/modules/ext/jaxws22/streambuffer.jar:/Users/xuyi/opt/netbeans/java/modules/ext/jaxws22/woodstox-core-asl.jar:/Users/xuyi/opt/netbeans/java/modules/ext/jaxws22/api/jaxws-api.jar:/Users/xuyi/opt/netbeans/java/modules/ext/jaxws22/api/jsr181-api.jar:/Users/xuyi/opt/netbeans/java/modules/ext/jaxws22/api/javax.annotation.jar:/Users/xuyi/opt/netbeans/java/modules/ext/jaxws22/api/saaj-api.jar:/Users/xuyi/opt/netbeans/ide/modules/ext/jaxb/activation.jar:/Users/xuyi/opt/netbeans/ide/modules/ext/jaxb/api/jaxb-api.jar" />
    <property name="ant.file.testOS" value="/Users/xuyi/Source/OS/armOS/lib/jcore/testOS/build.xml" />
    <property name="libs.restapi.classpath" value="/Users/xuyi/opt/netbeans/enterprise/modules/ext/jaxrs-2.1/jakarta.ws.rs-api-2.1.6.jar" />
    <property name="os.arch" value="aarch64" />
    <property name="build.generated.dir" value="build/generated" />
    <property name="libs.groovy-all.javadoc" value="" />
    <property name="libs.jakartaee-api-8.0.classpath" value="/Users/xuyi/opt/netbeans/enterprise/modules/ext/jakarta.jakartaee-api-8.0.0.jar" />
    <property name="libs.javaee-web-api-7.0.javadoc" value="/Users/xuyi/opt/netbeans/enterprise/docs/javaee-doc-api.jar" />
    <property name="libs.javaee-endorsed-api-6.0.src" value="" />
    <property name="jnlp.descriptor" value="application" />
    <property name="libs.jsf12.maven-pom" value="" />
    <property name="libs.javaee-endorsed-api-7.0.classpath" value="/Users/xuyi/opt/netbeans/enterprise/modules/ext/javaee7-endorsed/javax.annotation-api.jar:/Users/xuyi/opt/netbeans/enterprise/modules/ext/javaee7-endorsed/javax.xml.soap-api.jar:/Users/xuyi/opt/netbeans/enterprise/modules/ext/javaee7-endorsed/jaxb-api-osgi.jar:/Users/xuyi/opt/netbeans/enterprise/modules/ext/javaee7-endorsed/jaxws-api.jar:/Users/xuyi/opt/netbeans/enterprise/modules/ext/javaee7-endorsed/jsr181-api.jar" />
    <property name="libs.primefaces.maven-pom" value="" />
    <property name="org.netbeans.io.suspend" value="0" />
    <property name="ant.project.name" value="testOS" />
    <property name="dist.javadoc.dir" value="dist/javadoc" />
    <property name="default.javac.target" value="17" />
    <property name="javac.fork" value="true" />
    <property name="libs.eclipselink.classpath" value="/Users/xuyi/opt/netbeans/java/modules/ext/eclipselink/org.eclipse.persistence.core-2.7.9.jar:/Users/xuyi/opt/netbeans/java/modules/ext/eclipselink/org.eclipse.persistence.asm-9.1.0.jar:/Users/xuyi/opt/netbeans/java/modules/ext/eclipselink/org.eclipse.persistence.antlr-2.7.9.jar:/Users/xuyi/opt/netbeans/java/modules/ext/eclipselink/org.eclipse.persistence.jpa-2.7.9.jar:/Users/xuyi/opt/netbeans/java/modules/ext/eclipselink/org.eclipse.persistence.jpa.jpql-2.7.9.jar:/Users/xuyi/opt/netbeans/java/modules/ext/eclipselink/org.eclipse.persistence.moxy-2.7.9.jar:/Users/xuyi/opt/netbeans/java/modules/ext/eclipselink/javax.persistence-2.2.1.jar" />
    <property name="libs.struts.classpath" value="/Users/xuyi/opt/netbeans/enterprise/modules/ext/struts/antlr-2.7.2.jar:/Users/xuyi/opt/netbeans/enterprise/modules/ext/struts/bsf-2.3.0.jar:/Users/xuyi/opt/netbeans/enterprise/modules/ext/struts/commons-beanutils-1.8.0.jar:/Users/xuyi/opt/netbeans/enterprise/modules/ext/struts/commons-chain-1.2.jar:/Users/xuyi/opt/netbeans/enterprise/modules/ext/struts/commons-digester-1.8.jar:/Users/xuyi/opt/netbeans/enterprise/modules/ext/struts/commons-fileupload-1.1.1.jar:/Users/xuyi/opt/netbeans/enterprise/modules/ext/struts/commons-io-1.1.jar:/Users/xuyi/opt/netbeans/enterprise/modules/ext/struts/commons-logging-1.0.4.jar:/Users/xuyi/opt/netbeans/enterprise/modules/ext/struts/commons-validator-1.3.1.jar:/Users/xuyi/opt/netbeans/enterprise/modules/ext/struts/jstl-1.0.2.jar:/Users/xuyi/opt/netbeans/enterprise/modules/ext/struts/oro-2.0.8.jar:/Users/xuyi/opt/netbeans/enterprise/modules/ext/struts/standard-1.0.6.jar:/Users/xuyi/opt/netbeans/enterprise/modules/ext/struts/struts-core-1.3.10.jar:/Users/xuyi/opt/netbeans/enterprise/modules/ext/struts/struts-el-1.3.10.jar:/Users/xuyi/opt/netbeans/enterprise/modules/ext/struts/struts-extras-1.3.10.jar:/Users/xuyi/opt/netbeans/enterprise/modules/ext/struts/struts-faces-1.3.10.jar:/Users/xuyi/opt/netbeans/enterprise/modules/ext/struts/struts-mailreader-dao-1.3.10.jar:/Users/xuyi/opt/netbeans/enterprise/modules/ext/struts/struts-scripting-1.3.10.jar:/Users/xuyi/opt/netbeans/enterprise/modules/ext/struts/struts-taglib-1.3.10.jar:/Users/xuyi/opt/netbeans/enterprise/modules/ext/struts/struts-tiles-1.3.10.jar" />
    <property name="libs.PostgreSQLDriver.maven-pom" value="" />
    <property name="libs.absolutelayout.src" value="" />
    <property name="testng.mode" value="testng" />
    <property name="annotation.processing.enabled.in.editor" value="false" />
    <property name="java.vm.compressedOopsMode" value="Zero based" />
    <property name="netbeans.productversion" value="Apache NetBeans IDE 12.6" />
    <property name="project.Zero" value="../Zero" />
    <property name="mkdist.disabled" value="false" />
    <property name="libs.javaee-web-api-6.0.javadoc" value="/Users/xuyi/opt/netbeans/enterprise/docs/javaee-doc-api.jar" />
    <property name="libs.groovy-all.classpath" value="/Users/xuyi/opt/netbeans/groovy/modules/ext/groovy-3.0.8.jar:/Users/xuyi/opt/netbeans/groovy/modules/ext/groovy-ant-3.0.8.jar" />
    <property name="libs.javaee-api-7.0.maven-pom" value="" />
    <property name="libs.absolutelayout.javadoc" value="" />
    <property name="libs.jaxb.maven-pom" value="" />
    <property name="annotation.processing.processor.options" value="" />
    <property name="libs.javaee-api-6.0.maven-pom" value="" />
    <property name="dist.dir" value="dist" />
    <property name="build.dir" value="build" />
    <property name="libs.graaljs.maven-pom" value="" />
    <property name="netbeans.autoupdate.variant" value="" />
    <property name="javadoc.version" value="false" />
    <property name="libs.metro.classpath" value="/Users/xuyi/opt/netbeans/ide/modules/ext/jaxb/activation.jar:/Users/xuyi/opt/netbeans/enterprise/modules/ext/metro/webservices-api.jar:/Users/xuyi/opt/netbeans/enterprise/modules/ext/metro/webservices-extra-api.jar:/Users/xuyi/opt/netbeans/enterprise/modules/ext/metro/webservices-extra.jar:/Users/xuyi/opt/netbeans/enterprise/modules/ext/metro/webservices-rt.jar:/Users/xuyi/opt/netbeans/enterprise/modules/ext/metro/webservices-tools.jar" />
    <property name="libs.metro.src" value="" />
    <property name="libs.CopyLibs.classpath" value="/Users/xuyi/opt/netbeans/java/ant/extra/org-netbeans-modules-java-j2seproject-copylibstask.jar" />
    <property name="project.AIZero" value="/Users/xuyi/Source/OS/armOS/lib/jcore/AIZero" />
    <property name="javadoc.html5" value="false" />
    <property name="javac.test.processorpath" value="/Users/xuyi/Source/OS/armOS/lib/jcore/AIZero/dist/AIZero.jar:../OS/dist/OS.jar:../Zero/dist/Zero.jar:build/classes:/Users/xuyi/opt/netbeans/platform/modules/ext/junit-4.13.2.jar:/Users/xuyi/opt/netbeans/platform/modules/ext/hamcrest-core-1.3.jar" />
    <property name="libs.javaee-web-api-7.0.maven-pom" value="" />
    <property name="libs.javaee-web-api-8.0.maven-pom" value="" />
    <property name="netbeans.dirs" value="/Users/xuyi/opt/netbeans/nb:/Users/xuyi/opt/netbeans/ergonomics:/Users/xuyi/opt/netbeans/ide:/Users/xuyi/opt/netbeans/extide:/Users/xuyi/opt/netbeans/java:/Users/xuyi/opt/netbeans/apisupport:/Users/xuyi/opt/netbeans/webcommon:/Users/xuyi/opt/netbeans/websvccommon:/Users/xuyi/opt/netbeans/enterprise:/Users/xuyi/opt/netbeans/mobility:/Users/xuyi/opt/netbeans/profiler:/Users/xuyi/opt/netbeans/python:/Users/xuyi/opt/netbeans/php:/Users/xuyi/opt/netbeans/identity:/Users/xuyi/opt/netbeans/harness:/Users/xuyi/opt/netbeans/cnd:/Users/xuyi/opt/netbeans/cndext:/Users/xuyi/opt/netbeans/cpplite:/Users/xuyi/opt/netbeans/dlight:/Users/xuyi/opt/netbeans/groovy:/Users/xuyi/opt/netbeans/extra:/Users/xuyi/opt/netbeans/javacard:/Users/xuyi/opt/netbeans/javafx:" />
    <property name="socksNonProxyHosts" value="local|*.local|169.254/16|*.169.254/16" />
    <property name="libs.hamcrest.maven-pom" value="" />
    <property name="javac.processorpath" value="/Users/xuyi/Source/OS/armOS/lib/jcore/AIZero/dist/AIZero.jar:../OS/dist/OS.jar:../Zero/dist/Zero.jar" />
    <property name="libs.javaee-api-6.0.javadoc" value="/Users/xuyi/opt/netbeans/enterprise/docs/javaee-doc-api.jar" />
    <property name="libs.JWSAntTasks.maven-pom" value="" />
    <property name="run.modulepath" value="" />
    <property name="jnlp.codebase.type" value="no.codebase" />
    <property name="do.archive+manifest.available" value="true" />
    <property name="apple.laf.useScreenMenuBar" value="true" />
    <property name="user.country" value="NL" />
    <property name="sun.java.launcher" value="SUN_STANDARD" />
    <property name="libs.jakartaee-api-9.0.maven-pom" value="" />
    <property name="libs.jpa20-persistence.src" value="" />
    <property name="libs.restapi.javadoc" value="" />
    <property name="endorsed.classpath" value="" />
    <property name="javac.test.sourcepath" value="/Users/xuyi/Source/OS/armOS/lib/jcore/testOS/build/empty" />
    <property name="libs.spring-webmvc3.0.maven-pom" value="" />
    <property name="junit.selected.version" value="4" />
    <property name="includes" value="**" />
    <property name="libs.jsf12.javadoc" value="/Users/xuyi/opt/netbeans/enterprise/docs/javaee-doc-api.jar" />
    <property name="libs.hamcrest.classpath" value="/Users/xuyi/opt/netbeans/platform/modules/ext/hamcrest-core-1.3.jar" />
    <property name="javadoc.splitindex" value="true" />
    <property name="libs.JWSAntTasks.classpath" value="/Users/xuyi/opt/netbeans/java/ant/extra/org-netbeans-modules-javawebstart-anttasks.jar" />
    <property name="junit.available" value="true" />
    <property name="manifest.custom.application.library.allowable.codebase" value="" />
    <property name="javac.processormodulepath" value="" />
    <property name="javadoc.encoding" value="UTF-8" />
    <property name="netbeans.hash.code" value="unique=04c2414d9-1eaa-4d31-8bce-c6a454ec4df0_92e731e5-9f18-46a4-8a93-d124f4bb4a84" />
    <property name="libs.jsp-compilation-syscp.maven-pom" value="" />
    <property name="libs.jstl.src" value="" />
    <property name="jlink.strip" value="false" />
    <property name="libs.spring-webmvc3.0.classpath" value="/Users/xuyi/opt/netbeans/java/modules/ext/spring-3.0/spring-webmvc-3.2.18.RELEASE.jar" />
    <property name="java.runtime.name" value="Java(TM) SE Runtime Environment" />
    <property name="manifest.available" value="true" />
    <property name="libs.jaxb.javadoc" value="/Users/xuyi/opt/netbeans/ide/docs/jaxb-api-doc.jar" />
    <property name="libs.spring-framework500.maven-pom" value="" />
    <property name="run.jvmargs.ide" value="" />
    <property name="ant.core.lib" value="/Users/xuyi/opt/netbeans/extide/ant/lib/ant.jar" />
    <property name="libs.jsp-compilation.maven-pom" value="" />
    <property name="javac.profile.cmd.line.arg" value="" />
    <property name="libs.jakartaee-api-9.0.classpath" value="/Users/xuyi/opt/netbeans/enterprise/modules/ext/jakarta.jakartaee-api-9.0.0.jar" />
    <property name="do.archive+main.class.available" value="true" />
    <property name="application.title" value="testOS" />
    <property name="javac.test.modulepath" value="" />
    <property name="ignore.failing.tests" value="true" />
    <property name="libs.PostgreSQLDriver.javadoc" value="" />
    <property name="libs.jsp-compilation-syscp.classpath" value="/Users/xuyi/opt/netbeans/extide/ant/lib/ant.jar:/Users/xuyi/opt/netbeans/enterprise/modules/ext/servlet3.1-jsp2.3-api.jar:/Users/xuyi/opt/netbeans/enterprise/modules/ext/glassfish-jspparser-4.0.jar:/Users/xuyi/opt/netbeans/enterprise/modules/ext/jstl-impl.jar:/Users/xuyi/opt/netbeans/enterprise/modules/ext/jsf-2_2/javax.faces.jar" />
    <property name="libs.jsp-compilation.classpath" value="/Users/xuyi/opt/netbeans/extide/ant/lib/ant.jar:/Users/xuyi/opt/netbeans/enterprise/modules/ext/servlet3.1-jsp2.3-api.jar:/Users/xuyi/opt/netbeans/enterprise/modules/ext/glassfish-jspparser-4.0.jar:/Users/xuyi/opt/netbeans/enterprise/modules/ext/jsf-2_2/javax.faces.jar:/Users/xuyi/opt/netbeans/enterprise/modules/ext/jstl-api.jar:/Users/xuyi/opt/netbeans/extide/ant/lib/ant-launcher.jar" />
    <property name="libs.javaee-api-6.0.classpath" value="/Users/xuyi/opt/netbeans/enterprise/modules/ext/javaee-api-6.0.jar" />
    <property name="libs.javaee-api-7.0.classpath" value="/Users/xuyi/opt/netbeans/enterprise/modules/ext/javaee-api-7.0.jar" />
    <property name="libs.restapi.maven-pom" value="" />
    <property name="javadoc.preview" value="true" />
    <property name="do.depend" value="false" />
    <property name="sun.arch.data.model" value="64" />
    <property name="jnlp.signing.alias" value="" />
    <property name="libs.jakartaee-web-api-9.0.maven-pom" value="" />
    <property name="nb.show.statistics.ui" value="usageStatisticsEnabled" />
    <property name="sun.font.fontmanager" value="sun.font.CFontManager" />
    <property name="libs.javaee-endorsed-api-7.0.src" value="" />
    <property name="annotation.processing.enabled" value="true" />
    <property name="libs.junit_5.src" value="/Users/xuyi/opt/netbeans/platform/docs/junit-jupiter-api-5.6.0-sources.jar:/Users/xuyi/opt/netbeans/platform/docs/junit-jupiter-params-5.6.0-sources.jar:/Users/xuyi/opt/netbeans/platform/docs/junit-jupiter-engine-5.6.0-sources.jar" />
    <property name="libs.jaxb.classpath" value="/Users/xuyi/opt/netbeans/ide/modules/ext/jaxb/jaxb-impl.jar:/Users/xuyi/opt/netbeans/ide/modules/ext/jaxb/jaxb-xjc.jar:/Users/xuyi/opt/netbeans/ide/modules/ext/jaxb/activation.jar:/Users/xuyi/opt/netbeans/ide/modules/ext/jaxb/api/jaxb-api.jar" />
    <property name="libs.javaee-api-8.0.classpath" value="/Users/xuyi/opt/netbeans/enterprise/modules/ext/javaee-api-8.0.jar" />
    <property name="auxiliary.org-netbeans-spi-editor-hints-projects.perProjectHintSettingsFile" value="nbproject/cfg_hints.xml" />
    <property name="libs.CopyLibs.src" value="" />
    <property name="java.specification.vendor" value="Oracle Corporation" />
    <property name="javac.source" value="1.8" />
    <property name="java.version.date" value="2022-04-19" />
    <property name="java.home" value="/Library/Java/JavaVirtualMachines/jdk-17.0.3.jdk/Contents/Home" />
    <property name="work.dir" value="/Users/xuyi/Source/OS/armOS/lib/jcore/testOS" />
    <property name="jna.boot.library.name" value="jnidispatch-nb" />
    <property name="javac.test.compilerargs" value="" />
    <property name="libs.PostgreSQLDriver.classpath" value="/Users/xuyi/opt/netbeans/ide/modules/ext/postgresql-42.2.16.jar" />
    <property name="libs.graaljs.javadoc" value="" />
    <property name="libs.spring-webmvc3.0.javadoc" value="" />
    <property name="libs.JAXB-ENDORSED.src" value="" />
    <property name="user.script" value="Hans" />
    <property name="manifest.encoding" value="UTF-8" />
    <property name="manifest.custom.permissions" value="" />
    <property name="libs.spring-framework400.src" value="" />
    <property name="sun.management.compiler" value="HotSpot 64-Bit Tiered Compilers" />
    <property name="run.test.modulepath" value="" />
    <property name="project.OS" value="../OS" />
    <property name="libs.javaee-web-api-6.0.classpath" value="/Users/xuyi/opt/netbeans/enterprise/modules/ext/javaee-web-api-6.0.jar" />
    <property name="libs.graaljs.classpath" value="/Users/xuyi/opt/netbeans/webcommon/modules/ext/js-20.3.0.jar:/Users/xuyi/opt/netbeans/webcommon/modules/ext/js-launcher-20.3.0.jar:/Users/xuyi/opt/netbeans/webcommon/modules/ext/regex-20.3.0.jar:/Users/xuyi/opt/netbeans/webcommon/modules/ext/icu4j-67.1.jar:/Users/xuyi/opt/netbeans/ide/modules/ext/graal-sdk-20.3.0.jar:/Users/xuyi/opt/netbeans/ide/modules/ext/launcher-common-20.3.0.jar:/Users/xuyi/opt/netbeans/ide/modules/ext/truffle-api-20.3.0.jar" />
    <property name="libs.jsp-compiler.javadoc" value="" />
    <property name="debug.test.modulepath" value="" />
    <property name="libs.javaee-web-api-7.0.classpath" value="/Users/xuyi/opt/netbeans/enterprise/modules/ext/javaee-web-api-7.0.jar" />
    <property name="file.encoding" value="UTF-8" />
    <property name="java.util.logging.config.class" value="org.netbeans.core.startup.TopLogging" />
    <property name="https.nonProxyHosts" value="localhost|127.0.0.1|sPyAir.lan" />
    <property name="libs.restlib.javadoc" value="" />
    <property name="libs.absolutelayout.classpath" value="/Users/xuyi/opt/netbeans/java/modules/ext/AbsoluteLayout.jar" />
    <property name="ant.file.testOS-impl" value="/Users/xuyi/Source/OS/armOS/lib/jcore/testOS/nbproject/build-impl.xml" />
    <property name="do.archive" value="true" />
    <property name="libs.struts.maven-pom" value="" />
    <property name="built-jar.properties" value="/Users/xuyi/Source/OS/armOS/lib/jcore/testOS/build/built-jar.properties" />
    <property name="nb.native.filechooser" value="false" />
    <property name="libs.testng.src" value="" />
    <property name="platform.active" value="default_platform" />
    <property name="libs.javaee-web-api-8.0.classpath" value="/Users/xuyi/opt/netbeans/enterprise/modules/ext/javaee-web-api-8.0.jar" />
    <property name="manifest.file" value="manifest.mf" />
    <property name="sun.io.unicode.encoding" value="UnicodeBig" />
    <property name="libs.struts.javadoc" value="/Users/xuyi/opt/netbeans/enterprise/docs/struts-1.3.10-javadoc.zip" />
    <property name="default.javac.source" value="17" />
    <property name="libs.javaee-web-api-8.0.javadoc" value="/Users/xuyi/opt/netbeans/enterprise/docs/javaee-doc-api.jar" />
    <property name="netbeans.dynamic.classpath" value="/Users/xuyi/opt/netbeans/platform/core/asm-tree-9.2.jar:/Users/xuyi/opt/netbeans/platform/core/org-netbeans-libs-asm.jar:/Users/xuyi/opt/netbeans/platform/core/org-openide-filesystems-compat8.jar:/Users/xuyi/opt/netbeans/platform/core/org-openide-filesystems.jar:/Users/xuyi/opt/netbeans/platform/core/asm-9.2.jar:/Users/xuyi/opt/netbeans/platform/core/asm-commons-9.2.jar:/Users/xuyi/opt/netbeans/platform/core/core.jar:/Users/xuyi/opt/netbeans/platform/core/core-base.jar:/Users/xuyi/opt/netbeans/nb/core/org-netbeans-upgrader.jar:/Users/xuyi/opt/netbeans/nb/core/locale/core_nb.jar" />
    <property name="libs.eclipselinkmodelgen.classpath" value="/Users/xuyi/opt/netbeans/java/modules/ext/eclipselink/org.eclipse.persistence.jpa.modelgen.processor-2.7.9.jar" />
    <property name="netbeans.buildnumber" value="12.6-9cacf1fd305b775b176576c8b633b10b73524861" />
    <property name="endorsed.classpath.cmd.line.arg" value="" />
    <property name="libs.jpa20-persistence.maven-pom" value="" />
    <property name="build.sysclasspath" value="ignore" />
    <property name="os.name" value="Mac OS X" />
    <property name="libs.CopyLibs.maven-pom" value="" />
    <property name="libs.jakartaee-api-8.0.maven-pom" value="" />
    <property name="jdkBug6558476" value="false" />
    <property name="http.nonProxyHosts" value="local|*.local|169.254/16|*.169.254/16" />
    <property name="javadoc.author" value="false" />
    <property name="main.class" value="AI.Models.CPU" />
    <property name="libs.jsp-compilation-syscp.javadoc" value="" />
    <property name="source.encoding" value="UTF-8" />
    <property name="jar.compress" value="false" />
    <property name="libs.javaee-api-7.0.javadoc" value="/Users/xuyi/opt/netbeans/enterprise/docs/javaee-doc-api.jar" />
    <property name="libs.spring-webmvc5.0.src" value="" />
    <property name="jnlp.mixed.code" value="default" />
    <property name="libs.jsf20.maven-pom" value="" />
    <property name="libs.restlib.classpath" value="/Users/xuyi/opt/netbeans/enterprise/modules/ext/jersey2/ext/jakarta.annotation-api-1.3.5.jar:/Users/xuyi/opt/netbeans/enterprise/modules/ext/jersey2/ext/jakarta.persistence-api-2.2.3.jar:/Users/xuyi/opt/netbeans/enterprise/modules/ext/jersey2/ext/jakarta.servlet-api-4.0.4.jar:/Users/xuyi/opt/netbeans/enterprise/modules/ext/jersey2/ext/jakarta.validation-api-2.0.2.jar:/Users/xuyi/opt/netbeans/enterprise/modules/ext/jersey2/ext/jakarta.xml.bind-api-2.3.3.jar:/Users/xuyi/opt/netbeans/enterprise/modules/ext/jersey2/jersey-client.jar:/Users/xuyi/opt/netbeans/enterprise/modules/ext/jersey2/jersey-common.jar:/Users/xuyi/opt/netbeans/enterprise/modules/ext/jersey2/jersey-server.jar:/Users/xuyi/opt/netbeans/enterprise/modules/ext/jersey2/ext/jersey-entity-filtering-2.34.jar:/Users/xuyi/opt/netbeans/enterprise/modules/ext/jersey2/ext/jersey-hk2-2.34.jar:/Users/xuyi/opt/netbeans/enterprise/modules/ext/jersey2/ext/jersey-media-moxy-2.34.jar:/Users/xuyi/opt/netbeans/enterprise/modules/ext/jersey2/jersey-container-servlet.jar:/Users/xuyi/opt/netbeans/enterprise/modules/ext/jersey2/jersey-container-servlet-core.jar:/Users/xuyi/opt/netbeans/enterprise/modules/ext/jersey2/ext/hk2-api-2.6.1.jar:/Users/xuyi/opt/netbeans/enterprise/modules/ext/jersey2/ext/hk2-locator-2.6.1.jar:/Users/xuyi/opt/netbeans/enterprise/modules/ext/jersey2/ext/hk2-utils-2.6.1.jar:/Users/xuyi/opt/netbeans/enterprise/modules/ext/jersey2/ext/jakarta.inject-2.6.1.jar:/Users/xuyi/opt/netbeans/enterprise/modules/ext/jersey2/ext/aopalliance-repackaged-2.6.1.jar:/Users/xuyi/opt/netbeans/enterprise/modules/ext/jersey2/ext/osgi.core-8.0.0.jar:/Users/xuyi/opt/netbeans/enterprise/modules/ext/jersey2/ext/osgi-resource-locator-1.0.3.jar:/Users/xuyi/opt/netbeans/java/modules/ext/eclipselink/org.eclipse.persistence.core-2.7.9.jar:/Users/xuyi/opt/netbeans/java/modules/ext/eclipselink/org.eclipse.persistence.asm-9.1.0.jar:/Users/xuyi/opt/netbeans/java/modules/ext/eclipselink/org.eclipse.persistence.antlr-2.7.9.jar:/Users/xuyi/opt/netbeans/java/modules/ext/eclipselink/org.eclipse.persistence.jpa-2.7.9.jar:/Users/xuyi/opt/netbeans/java/modules/ext/eclipselink/org.eclipse.persistence.jpa.jpql-2.7.9.jar:/Users/xuyi/opt/netbeans/java/modules/ext/eclipselink/org.eclipse.persistence.moxy-2.7.9.jar" />
    <property name="libs.jakartaee-web-api-8.0.javadoc" value="/Users/xuyi/opt/netbeans/enterprise/docs/jakartaee8-doc-api.jar" />
    <property name="apple.awt.graphics.UseQuartz" value="true" />
    <property name="libs.graaljs.src" value="" />
    <property name="run.jvmargs" value="" />
    <property name="libs.primefaces.src" value="" />
    <property name="ant.file" value="/Users/xuyi/Source/OS/armOS/lib/jcore/testOS/build.xml" />
    <property name="libs.struts.src" value="" />
    <property name="path.separator" value=":" />
    <property name="libs.JAXB-ENDORSED.classpath" value="/Users/xuyi/opt/netbeans/ide/modules/ext/jaxb/api/jaxb-api.jar" />
    <property name="libs.restlib.src" value="" />
    <property name="build.test.results.dir" value="build/test/results" />
    <property name="libs.jaxws21.javadoc" value="/Users/xuyi/opt/netbeans/java/docs/jaxws-api-doc.zip" />
    <property name="libs.spring-framework400.maven-pom" value="" />
    <property name="libs.javaee-endorsed-api-6.0.javadoc" value="/Users/xuyi/opt/netbeans/enterprise/docs/javaee-doc-api.jar" />
    <property name="ap.processors.internal" value="" />
    <property name="libs.spring-webmvc5.0.javadoc" value="" />
    <property name="libs.jsf12.classpath" value="/Users/xuyi/opt/netbeans/enterprise/modules/ext/jsf-1_2/jsf-api.jar:/Users/xuyi/opt/netbeans/enterprise/modules/ext/jsf-1_2/jsf-impl.jar" />
    <property name="libs.hamcrest.javadoc" value="" />
    <property name="libs.spring-framework400.javadoc" value="" />
    <property name="do.jar" value="true" />
    <property name="java.vm.info" value="mixed mode, sharing" />
    <property name="libs.primefaces.classpath" value="/Users/xuyi/opt/netbeans/enterprise/modules/ext/primefaces/primefaces-5.0.jar" />
    <property name="libs.jaxws21.maven-pom" value="" />
    <property name="run.test.classpath" value="/Users/xuyi/Source/OS/armOS/lib/jcore/AIZero/dist/AIZero.jar:../OS/dist/OS.jar:../Zero/dist/Zero.jar:build/classes:/Users/xuyi/opt/netbeans/platform/modules/ext/junit-4.13.2.jar:/Users/xuyi/opt/netbeans/platform/modules/ext/hamcrest-core-1.3.jar:build/test/classes" />
    <property name="java.class.version" value="61.0" />
    <property name="javadoc.encoding.used" value="UTF-8" />
    <property name="src.dir" value="src" />
    <property name="ant.project.default-target" value="default" />
    <property name="debug.classpath" value="/Users/xuyi/Source/OS/armOS/lib/jcore/AIZero/dist/AIZero.jar:../OS/dist/OS.jar:../Zero/dist/Zero.jar:build/classes" />
    <property name="excludes" value="" />
    <property name="libs.javaee-api-7.0.src" value="" />
    <property name="sun.jnu.encoding" value="UTF-8" />
    <property name="libs.junit_4.javadoc" value="/Users/xuyi/opt/netbeans/platform/docs/junit-4.13.2-javadoc.jar" />
    <property name="run.test.jvmargs" value="" />
    <property name="libs.spring-webmvc4.0.src" value="" />
    <property name="jnlp.offline-allowed" value="false" />
    <property name="sun.java2d.dpiaware" value="true" />
    <property name="main.class.available" value="true" />
    <property name="libs.jsf20.javadoc" value="/Users/xuyi/opt/netbeans/enterprise/docs/javaee-doc-api.jar" />
    <property name="jar.archive.disabled" value="false" />
    <property name="netbeans.importclass" value="org.netbeans.upgrade.AutoUpgrade" />
    <property name="netbeans.autoupdate.version" value="1.23" />
    <property name="empty.dir" value="/Users/xuyi/Source/OS/armOS/lib/jcore/testOS/build/empty" />
    <property name="sun.stderr.encoding" value="UTF-8" />
    <property name="netbeans.user" value="/Users/xuyi/Library/Application Support/NetBeans/12.6" />
    <property name="file.separator" value="/" />
    <property name="sun.stdout.encoding" value="UTF-8" />
    <property name="line.separator" value="&#xa;" />
    <property name="javadoc.additionalparam" value="" />
    <property name="jnlp.signed" value="false" />
    <property name="libs.spring-webmvc5.0.classpath" value="/Users/xuyi/opt/netbeans/java/modules/ext/spring-5/spring-webmvc-5.2.9.RELEASE.jar" />
    <property name="javac.debug" value="true" />
    <property name="libs.restlib.maven-pom" value="" />
    <property name="libs.testng.classpath" value="/Users/xuyi/opt/netbeans/platform/modules/ext/testng-6.14.3.jar:/Users/xuyi/opt/netbeans/platform/modules/ext/jcommander-1.78.jar" />
    <property name="libs.jsp-compiler.src" value="" />
    <property name="user.name" value="xuyi" />
    <property name="build.classes.dir" value="build/classes" />
    <property name="javadoc.windowtitle" value="" />
    <property name="nb.junit.single" value="false" />
    <property name="nb.internal.action.name" value="test" />
    <property name="libs.javaee-api-8.0.maven-pom" value="" />
    <property name="libs.jaxws21.src" value="" />
    <property name="libs.jakartaee-web-api-9.0.javadoc" value="/Users/xuyi/opt/netbeans/enterprise/docs/jakartaee9-doc-api.jar" />
    <property name="jna.loaded" value="true" />
    <property name="libs.junit_5.maven-pom" value="" />
    <property name="libs.jpa20-persistence.javadoc" value="/Users/xuyi/opt/netbeans/java/modules/ext/docs/javax.persistence-2.2.1-doc.zip" />
    <property name="ant.junit.enabletestlistenerevents" value="true" />
    <property name="libs.JWSAntTasks.src" value="" />
    <property name="libs.spring-webmvc3.0.src" value="" />
    <property name="ant.home" value="/Users/xuyi/opt/netbeans/extide/ant" />
    <property name="debug.test.classpath" value="/Users/xuyi/Source/OS/armOS/lib/jcore/AIZero/dist/AIZero.jar:../OS/dist/OS.jar:../Zero/dist/Zero.jar:build/classes:/Users/xuyi/opt/netbeans/platform/modules/ext/junit-4.13.2.jar:/Users/xuyi/opt/netbeans/platform/modules/ext/hamcrest-core-1.3.jar:build/test/classes" />
    <property name="have.tests" value="true" />
    <property name="javac.external.vm" value="true" />
    <property name="testng.debug.mode" value="" />
    <property name="javac.target" value="1.8" />
    <property name="jnlp.signing" value="" />
    <property name="ant.version" value="Apache Ant(TM) version 1.10.8 compiled on May 10 2020" />
    <property name="libs.absolutelayout.maven-pom" value="" />
    <property name="ant.file.type.testOS" value="file" />
    <property name="java.failonerror" value="true" />
    <property name="javac.modulepath" value="" />
    <property name="libs.spring-framework500.src" value="" />
    <property name="user.properties.file" value="/Users/xuyi/Library/Application Support/NetBeans/12.6/build.properties" />
    <property name="libs.javaee-api-6.0.src" value="" />
    <property name="netbeans.autoupdate.country" value="NL" />
    <property name="java.class.path" value="/Users/xuyi/Source/OS/armOS/lib/jcore/AIZero/dist/AIZero.jar:/Users/xuyi/Source/OS/armOS/lib/jcore/OS/dist/OS.jar:/Users/xuyi/Source/OS/armOS/lib/jcore/Zero/dist/Zero.jar:/Users/xuyi/Source/OS/armOS/lib/jcore/testOS/build/classes:/Users/xuyi/opt/netbeans/platform/modules/ext/junit-4.13.2.jar:/Users/xuyi/opt/netbeans/platform/modules/ext/hamcrest-core-1.3.jar:/Users/xuyi/Source/OS/armOS/lib/jcore/testOS/build/test/classes:/Users/xuyi/opt/netbeans/extide/ant/lib/ant-launcher.jar:/Users/xuyi/opt/netbeans/extide/ant/lib/ant.jar:/Users/xuyi/opt/netbeans/extide/ant/lib/ant-junit.jar:/Users/xuyi/opt/netbeans/extide/ant/lib/ant-junit4.jar" />
    <property name="reference.OS.jar" value="../OS/dist/OS.jar" />
    <property name="libs.javaee-web-api-6.0.maven-pom" value="" />
    <property name="java.vm.vendor" value="Oracle Corporation" />
    <property name="ap.supported.internal" value="true" />
    <property name="netbeans.home+have.tests" value="true" />
    <property name="test.binaryexcludes" value="" />
    <property name="javac.compilerargs" value="" />
    <property name="libs.jstl.maven-pom" value="" />
    <property name="libs.jakartaee-web-api-8.0.src" value="" />
    <property name="ant.file.type.testOS-impl" value="file" />
    <property name="sun.cpu.endian" value="little" />
    <property name="libs.jakartaee-api-9.0.src" value="" />
    <property name="libs.junit_4.src" value="/Users/xuyi/opt/netbeans/platform/docs/junit-4.13.2-sources.jar" />
    <property name="user.language" value="zh" />
    <property name="copylibs.rebase" value="true" />
    <property name="maven.defaultProjectBuilder.disableGlobalModelCache" value="true" />
    <property name="libs.javaee-web-api-6.0.src" value="" />
    <property name="javadoc.nonavbar" value="false" />
    <property name="libs.javaee-api-8.0.src" value="" />
    <property name="ant.java.version" value="17" />
    <property name="libs.junit_4.classpath" value="/Users/xuyi/opt/netbeans/platform/modules/ext/junit-4.13.2.jar" />
    <property name="libs.jakartaee-api-9.0.javadoc" value="/Users/xuyi/opt/netbeans/enterprise/docs/jakartaee9-doc-api.jar" />
    <property name="jlink.launcher.name" value="testOS" />
    <property name="test.binarytestincludes" value="" />
    <property name="libs.junit_4.maven-pom" value="" />
    <property name="libs.spring-webmvc5.0.maven-pom" value="" />
    <property name="libs.jsp-compiler.maven-pom" value="" />
    <property name="runtime.encoding" value="UTF-8" />
    <property name="libs.jakartaee-web-api-8.0.classpath" value="/Users/xuyi/opt/netbeans/enterprise/modules/ext/jakarta.jakartaee-web-api-8.0.0.jar" />
    <property name="javac.classpath" value="/Users/xuyi/Source/OS/armOS/lib/jcore/AIZero/dist/AIZero.jar:../OS/dist/OS.jar:../Zero/dist/Zero.jar" />
    <property name="ftp.nonProxyHosts" value="local|*.local|169.254/16|*.169.254/16" />
    <property name="nb.junit.batch" value="true" />
    <property name="build.test.classes.dir" value="build/test/classes" />
    <property name="libs.spring-framework300.maven-pom" value="" />
    <property name="ant.project.invoked-targets" value="test" />
    <property name="libs.jstl.classpath" value="/Users/xuyi/opt/netbeans/enterprise/modules/ext/jstl-impl.jar:/Users/xuyi/opt/netbeans/enterprise/modules/ext/jstl-api.jar" />
    <property name="jna.platform.library.path" value="/usr/lib:/usr/lib" />
    <property name="ap.cmd.line.internal" value="" />
    <property name="reference.Zero.jar" value="../Zero/dist/Zero.jar" />
    <property name="libs.PostgreSQLDriver.src" value="" />
    <property name="java.vendor.url.bug" value="https://bugreport.java.com/bugreport/" />
    <property name="annotation.processing.source.output" value="build/generated-sources/ap-source-output" />
    <property name="user.dir" value="/Users/xuyi/Source/OS/armOS/lib/jcore/testOS" />
    <property name="libs.javaee-endorsed-api-6.0.maven-pom" value="" />
    <property name="platform.java" value="/Library/Java/JavaVirtualMachines/jdk-17.0.3.jdk/Contents/Home/bin/java" />
    <property name="application.args" value="" />
    <property name="org.xml.sax.driver" value="com.sun.org.apache.xerces.internal.jaxp.SAXParserImpl$JAXPSAXParser" />
    <property name="libs.jakartaee-web-api-8.0.maven-pom" value="" />
    <property name="libs.eclipselink.src" value="" />
    <property name="manifest.custom.codebase" value="" />
    <property name="java.vm.version" value="17.0.3+8-LTS-111" />
    <property name="libs.metro.javadoc" value="/Users/xuyi/opt/netbeans/enterprise/docs/webservices-api-javadoc.jar:/Users/xuyi/opt/netbeans/enterprise/docs/webservices-extra-javadoc.jar:/Users/xuyi/opt/netbeans/enterprise/docs/webservices-extra-api-javadoc.jar:/Users/xuyi/opt/netbeans/enterprise/docs/webservices-rt-javadoc.jar:/Users/xuyi/opt/netbeans/enterprise/docs/webservices-tools-javadoc.jar" />
    <property name="libs.jakartaee-web-api-9.0.src" value="" />
    <property name="sun.awt.datatransfer.timeout" value="1000" />
    <property name="junit.forkmode" value="perTest" />
    <property name="annotation.processing.run.all.processors" value="true" />
    <property name="libs.javaee-web-api-7.0.src" value="" />
    <property name="libs.jakartaee-api-8.0.src" value="" />
    <property name="libs.jsp-compiler.classpath" value="/Users/xuyi/opt/netbeans/enterprise/ant/extra/jspcompile.jar" />
    <property name="libs.javaee-endorsed-api-6.0.classpath" value="/Users/xuyi/opt/netbeans/enterprise/modules/ext/javaee6-endorsed/javax.annotation.jar:/Users/xuyi/opt/netbeans/enterprise/modules/ext/javaee6-endorsed/jaxb-api-osgi.jar:/Users/xuyi/opt/netbeans/enterprise/modules/ext/javaee6-endorsed/webservices-api-osgi.jar" />
  </properties>
  <testcase classname="test.JUnitTest" name="testIncomingMessages" time="0.001" />
  <testcase classname="test.JUnitTest" name="testCPU" time="0.001" />
  <testcase classname="test.JUnitTest" name="testByteCode" time="0.0" />
  <testcase classname="test.JUnitTest" name="testLSFR" time="0.002" />
  <testcase classname="test.JUnitTest" name="testOutgoingMessages2ArduinoDequeLast" time="0.0" />
  <testcase classname="test.JUnitTest" name="testLogpath" time="0.0" />
  <testcase classname="test.JUnitTest" name="testConfiguresGetLast" time="0.0" />
  <testcase classname="test.JUnitTest" name="testEmotions" time="0.0" />
  <system-out><![CDATA[* JUnitTest: memoryTestIncomingMessages()
* JUnitTest: testCPU()
* JUnitTest: testByteCode()
* JUnitTest: testLSFR()
14
15
7
11
5
10
13
6
3
9
4
2
1
8
12
14
15
7
11
5
2
1
-127
-64
-32
112
56
-100
-50
103
-77
-39
-20
-10
-5
125
-66
95
47
23
-117
69
34
-111
72
-92
82
-87
-44
106
53
26
13
-122
-61
-31
112
56
-100
-50
103
51
25
12
6
3
1
-32767
-16384
-8192
28672
14336
7168
3584
-30976
17280
8640
-28448
18544
9272
4636
-30450
-15225
25155
-20191
-10096
27720
13860
-25838
19849
-22844
-11422
27057
-19240
23148
-21194
-10597
-5299
30118
-17709
-8855
-4428
-2214
31661
15830
-24853
-12427
26554
13277
6638
-29449
18043
-23747
20894
-22321
21607
10803
-27367
-13684
-6842
-3421
-1711
-856
32340
-16598
24469
12234
6117
3058
1529
-32004
-16002
-8001
28767
14383
7191
3595
-30971
17282
8641
-28448
18544
9272
4636
-30450
-15225
25155
-20191
-10096
27720
13860
-25838
19849
-22844
-11422
27057
-19240
23148
-21194
-10597
27469
-2147469914
1073748691
536874345
-1879046476
-939523238
1677722029
-1308622634
1493172331
746586165
-1774190566
1260388365
630194182
-1832386557
-916193279
-458096640
1918435328
959217664
-1667874816
-833937408
-416968704
1938999296
969499648
484749824
-1905108736
1194929280
-1550019008
-775009504
-387504752
1953731272
-1170618012
1562174642
-1366396327
1464285484
732142742
366071371
183035685
91517842
45758921
22879460
11439730
5719865
-2144623716
1075171790
-1609897753
-804948877
-402474439
1946246428
973123214
-1660922041
-830461021
-415230511
1939868392
-1177549452
-588774726
-294387363
-147193682
-73596841
-36798421
-18399211
-9199606
-4599803
-2299902
2146333697
1073166848
-1610900224
1342033536
-1476466880
1409250208
-1442858544
1426054376
-1434456460
1430255418
715127709
-1789919794
1252523751
-1521221773
-760610887
-380305444
-190152722
-95076361
-47538181
2123714557
-1085626370
1604670463
-1345148417
-672574209
1811196543
-1241885377
1526540959
-1384213169
1455377063
-1419795117
-709897559
-354948780
-177474390
-88737195
-44368598
2125299349
1062649674
-1616158811
-808079406
1743443945
871721972
-1711622662
-855811331
-427905666
-213952833
2040507231
1020253615
510126807
-1892420245
1201273525
-1546846886
1374060205
687030102
343515051
-1975726123
-987863062
1653552117
-1320707590
1487129853
743564926
-1775701185
1259633055
629816527
314908263
157454131
-2068756583
-1034378292
-517189146
-258594573
-129297287
2082835004
-1106066146
1594450575
797225287
398612643
199306321
99653160
-2097657068
1098655114
549327557
274663778
-2010151759
-1005075880
-502537940
-251268970
2021849163
1010924581
-1642021358
-821010679
1736978308
868489154
-1713239071
-856619536
1719173880
-1287896708
1503535294
-1395716001
-697858001
1798554647
-1248206325
-624103163
1835432066
917716033
458858016
229429008
-2032769144
-1016384572
1639291362
819645681
-1737660808
1278653244
-1508157026
1393405135
696702567
348351283
174175641
87087820
-2103939738
1095513779
547756889
273878444
136939222
68469611
34234805
-2130366246
1082300525
-1606333386
1344316955
-1475325171
1409821062
-1442573117
-721286559
1786840368
893420184
446710092
-1924128602
1185419347
* JUnitTest: memoryTestOutgoingMessages2ArduinoDequeLast()
* JUnitTest: testLogpath()
* JUnitTest: memoryTestConfiguresGetLast()
* JUnitTest: testEmotions()
]]></system-out>
  <system-err><![CDATA[8月 20, 2022 3:05:55 下午 AI.AIMemory <init>
SEVERE: null
java.lang.NullPointerException: Cannot invoke "jx.zero.debug.DebugPrintStream.println(String)" because "jx.zero.Debug.out" is null
	at jx.devices.pci.PCIGod.main(PCIGod.java:29)
	at AI.AIMemory.<init>(AIMemory.java:45)
	at test.JUnitTest.<clinit>(JUnitTest.java:24)
	at java.base/jdk.internal.reflect.NativeConstructorAccessorImpl.newInstance0(Native Method)
	at java.base/jdk.internal.reflect.NativeConstructorAccessorImpl.newInstance(NativeConstructorAccessorImpl.java:77)
	at java.base/jdk.internal.reflect.DelegatingConstructorAccessorImpl.newInstance(DelegatingConstructorAccessorImpl.java:45)
	at java.base/java.lang.reflect.Constructor.newInstanceWithCaller(Constructor.java:499)
	at java.base/java.lang.reflect.Constructor.newInstance(Constructor.java:480)
	at junit.framework.TestSuite.createTest(TestSuite.java:59)
	at junit.framework.TestSuite.addTestMethod(TestSuite.java:296)
	at junit.framework.TestSuite.addTestsFromTestCase(TestSuite.java:139)
	at junit.framework.TestSuite.<init>(TestSuite.java:118)
	at org.apache.tools.ant.taskdefs.optional.junit.JUnitTestRunner.run(JUnitTestRunner.java:504)
	at org.apache.tools.ant.taskdefs.optional.junit.JUnitTestRunner.launch(JUnitTestRunner.java:1196)
	at org.apache.tools.ant.taskdefs.optional.junit.JUnitTestRunner.main(JUnitTestRunner.java:1041)

8月 20, 2022 3:05:55 下午 test.JUnitTest testCPU
SEVERE: null
java.nio.file.NoSuchFileException: ~/Source/Risc-V/hello
	at java.base/sun.nio.fs.UnixException.translateToIOException(UnixException.java:92)
	at java.base/sun.nio.fs.UnixException.rethrowAsIOException(UnixException.java:106)
	at java.base/sun.nio.fs.UnixException.rethrowAsIOException(UnixException.java:111)
	at java.base/sun.nio.fs.UnixFileSystemProvider.newByteChannel(UnixFileSystemProvider.java:218)
	at java.base/java.nio.file.Files.newByteChannel(Files.java:380)
	at java.base/java.nio.file.Files.newByteChannel(Files.java:432)
	at java.base/java.nio.file.Files.readAllBytes(Files.java:3288)
	at test.JUnitTest.testCPU(JUnitTest.java:68)
	at java.base/jdk.internal.reflect.NativeMethodAccessorImpl.invoke0(Native Method)
	at java.base/jdk.internal.reflect.NativeMethodAccessorImpl.invoke(NativeMethodAccessorImpl.java:77)
	at java.base/jdk.internal.reflect.DelegatingMethodAccessorImpl.invoke(DelegatingMethodAccessorImpl.java:43)
	at java.base/java.lang.reflect.Method.invoke(Method.java:568)
	at junit.framework.TestCase.runTest(TestCase.java:177)
	at junit.framework.TestCase.runBare(TestCase.java:142)
	at junit.framework.TestResult$1.protect(TestResult.java:122)
	at junit.framework.TestResult.runProtected(TestResult.java:142)
	at junit.framework.TestResult.run(TestResult.java:125)
	at junit.framework.TestCase.run(TestCase.java:130)
	at junit.framework.TestSuite.runTest(TestSuite.java:241)
	at junit.framework.TestSuite.run(TestSuite.java:236)
	at org.apache.tools.ant.taskdefs.optional.junit.JUnitTestRunner.run(JUnitTestRunner.java:534)
	at org.apache.tools.ant.taskdefs.optional.junit.JUnitTestRunner.launch(JUnitTestRunner.java:1196)
	at org.apache.tools.ant.taskdefs.optional.junit.JUnitTestRunner.main(JUnitTestRunner.java:1041)

]]></system-err>
</testsuite>
